# JRE version: Java(TM) SE Runtime Environment (8.0_121-b13) (build 1.8.0_121-b13)
# Java VM: Java HotSpot(TM) 64-Bit Server VM (25.121-b13 mixed mode linux-amd64 compressed oops)
Heap:
 PSYoungGen      total 293888K, used 234109K [0x00000000eab00000, 0x00000000ffa00000, 0x0000000100000000)
  eden space 242688K, 93% used [0x00000000eab00000,0x00000000f88544b8,0x00000000f9800000)
  from space 51200K, 14% used [0x00000000fc800000,0x00000000fcf4b0b0,0x00000000ffa00000)
  to   space 49152K, 0% used [0x00000000f9800000,0x00000000f9800000,0x00000000fc800000)
 ParOldGen       total 193024K, used 124166K [0x00000000c0000000, 0x00000000cbc80000, 0x00000000eab00000)
  object space 193024K, 64% used [0x00000000c0000000,0x00000000c7941a30,0x00000000cbc80000)
 Metaspace       used 73548K, capacity 75424K, committed 75736K, reserved 1116160K
  class space    used 9479K, capacity 9868K, committed 9984K, reserved 1048576K
GC Heap History (10 events):
Event: 37,452 GC heap before
{Heap before GC invocations=22 (full 4):
 PSYoungGen      total 286208K, used 245248K [0x00000000eab00000, 0x0000000100000000, 0x0000000100000000)
  eden space 245248K, 100% used [0x00000000eab00000,0x00000000f9a80000,0x00000000f9a80000)
  from space 40960K, 0% used [0x00000000f9a80000,0x00000000f9a80000,0x00000000fc280000)
  to   space 58880K, 0% used [0x00000000fc680000,0x00000000fc680000,0x0000000100000000)
 ParOldGen       total 193024K, used 110615K [0x00000000c0000000, 0x00000000cbc80000, 0x00000000eab00000)
  object space 193024K, 57% used [0x00000000c0000000,0x00000000c6c05c90,0x00000000cbc80000)
 Metaspace       used 71088K, capacity 72852K, committed 73048K, reserved 1112064K
  class space    used 9154K, capacity 9552K, committed 9600K, reserved 1048576K
Event: 37,496 GC heap after
Heap after GC invocations=22 (full 4):
 PSYoungGen      total 291328K, used 2707K [0x00000000eab00000, 0x0000000100000000, 0x0000000100000000)
  eden space 232448K, 0% used [0x00000000eab00000,0x00000000eab00000,0x00000000f8e00000)
  from space 58880K, 4% used [0x00000000fc680000,0x00000000fc924f38,0x0000000100000000)
  to   space 57856K, 0% used [0x00000000f8e00000,0x00000000f8e00000,0x00000000fc680000)
 ParOldGen       total 193024K, used 110623K [0x00000000c0000000, 0x00000000cbc80000, 0x00000000eab00000)
  object space 193024K, 57% used [0x00000000c0000000,0x00000000c6c07c90,0x00000000cbc80000)
 Metaspace       used 71088K, capacity 72852K, committed 73048K, reserved 1112064K
  class space    used 9154K, capacity 9552K, committed 9600K, reserved 1048576K
}
Event: 40,526 GC heap before
{Heap before GC invocations=23 (full 4):
 PSYoungGen      total 291328K, used 235155K [0x00000000eab00000, 0x0000000100000000, 0x0000000100000000)
  eden space 232448K, 100% used [0x00000000eab00000,0x00000000f8e00000,0x00000000f8e00000)
  from space 58880K, 4% used [0x00000000fc680000,0x00000000fc924f38,0x0000000100000000)
  to   space 57856K, 0% used [0x00000000f8e00000,0x00000000f8e00000,0x00000000fc680000)
 ParOldGen       total 193024K, used 110623K [0x00000000c0000000, 0x00000000cbc80000, 0x00000000eab00000)
  object space 193024K, 57% used [0x00000000c0000000,0x00000000c6c07c90,0x00000000cbc80000)
 Metaspace       used 71582K, capacity 73332K, committed 73560K, reserved 1114112K
  class space    used 9204K, capacity 9584K, committed 9600K, reserved 1048576K
Event: 40,599 GC heap after
Heap after GC invocations=23 (full 4):
 PSYoungGen      total 241664K, used 9068K [0x00000000eab00000, 0x00000000ffa00000, 0x0000000100000000)
  eden space 232448K, 0% used [0x00000000eab00000,0x00000000eab00000,0x00000000f8e00000)
  from space 9216K, 98% used [0x00000000f8e00000,0x00000000f96db0d0,0x00000000f9700000)
  to   space 55296K, 0% used [0x00000000fc400000,0x00000000fc400000,0x00000000ffa00000)
 ParOldGen       total 193024K, used 110623K [0x00000000c0000000, 0x00000000cbc80000, 0x00000000eab00000)
  object space 193024K, 57% used [0x00000000c0000000,0x00000000c6c07c90,0x00000000cbc80000)
 Metaspace       used 71582K, capacity 73332K, committed 73560K, reserved 1114112K
  class space    used 9204K, capacity 9584K, committed 9600K, reserved 1048576K
}
Event: 41,287 GC heap before
{Heap before GC invocations=24 (full 4):
 PSYoungGen      total 241664K, used 241516K [0x00000000eab00000, 0x00000000ffa00000, 0x0000000100000000)
  eden space 232448K, 100% used [0x00000000eab00000,0x00000000f8e00000,0x00000000f8e00000)
  from space 9216K, 98% used [0x00000000f8e00000,0x00000000f96db0d0,0x00000000f9700000)
  to   space 55296K, 0% used [0x00000000fc400000,0x00000000fc400000,0x00000000ffa00000)
 ParOldGen       total 193024K, used 110623K [0x00000000c0000000, 0x00000000cbc80000, 0x00000000eab00000)
  object space 193024K, 57% used [0x00000000c0000000,0x00000000c6c07c90,0x00000000cbc80000)
 Metaspace       used 71608K, capacity 73332K, committed 73560K, reserved 1114112K
  class space    used 9204K, capacity 9584K, committed 9600K, reserved 1048576K
Event: 41,398 GC heap after
Heap after GC invocations=24 (full 4):
 PSYoungGen      total 289792K, used 8624K [0x00000000eab00000, 0x0000000100000000, 0x0000000100000000)
  eden space 234496K, 0% used [0x00000000eab00000,0x00000000eab00000,0x00000000f9000000)
  from space 55296K, 15% used [0x00000000fc400000,0x00000000fcc6c010,0x00000000ffa00000)
  to   space 53248K, 0% used [0x00000000f9000000,0x00000000f9000000,0x00000000fc400000)
 ParOldGen       total 193024K, used 112439K [0x00000000c0000000, 0x00000000cbc80000, 0x00000000eab00000)
  object space 193024K, 58% used [0x00000000c0000000,0x00000000c6dcdf48,0x00000000cbc80000)
 Metaspace       used 71608K, capacity 73332K, committed 73560K, reserved 1114112K
  class space    used 9204K, capacity 9584K, committed 9600K, reserved 1048576K
}
Event: 71,593 GC heap before
{Heap before GC invocations=25 (full 4):
 PSYoungGen      total 289792K, used 243120K [0x00000000eab00000, 0x0000000100000000, 0x0000000100000000)
  eden space 234496K, 100% used [0x00000000eab00000,0x00000000f9000000,0x00000000f9000000)
  from space 55296K, 15% used [0x00000000fc400000,0x00000000fcc6c010,0x00000000ffa00000)
  to   space 53248K, 0% used [0x00000000f9000000,0x00000000f9000000,0x00000000fc400000)
 ParOldGen       total 193024K, used 112439K [0x00000000c0000000, 0x00000000cbc80000, 0x00000000eab00000)
  object space 193024K, 58% used [0x00000000c0000000,0x00000000c6dcdf48,0x00000000cbc80000)
 Metaspace       used 72603K, capacity 74410K, committed 74584K, reserved 1114112K
  class space    used 9332K, capacity 9741K, committed 9856K, reserved 1048576K
Event: 71,680 GC heap after
Heap after GC invocations=25 (full 4):
 PSYoungGen      total 287744K, used 5005K [0x00000000eab00000, 0x00000000ffa00000, 0x0000000100000000)
  eden space 234496K, 0% used [0x00000000eab00000,0x00000000eab00000,0x00000000f9000000)
  from space 53248K, 9% used [0x00000000f9000000,0x00000000f94e3438,0x00000000fc400000)
  to   space 51200K, 0% used [0x00000000fc800000,0x00000000fc800000,0x00000000ffa00000)
 ParOldGen       total 193024K, used 119726K [0x00000000c0000000, 0x00000000cbc80000, 0x00000000eab00000)
  object space 193024K, 62% used [0x00000000c0000000,0x00000000c74ebab0,0x00000000cbc80000)
 Metaspace       used 72603K, capacity 74410K, committed 74584K, reserved 1114112K
  class space    used 9332K, capacity 9741K, committed 9856K, reserved 1048576K
}
Event: 73,813 GC heap before
{Heap before GC invocations=26 (full 4):
 PSYoungGen      total 287744K, used 238862K [0x00000000eab00000, 0x00000000ffa00000, 0x0000000100000000)
  eden space 234496K, 99% used [0x00000000eab00000,0x00000000f8f604f0,0x00000000f9000000)
  from space 53248K, 9% used [0x00000000f9000000,0x00000000f94e3438,0x00000000fc400000)
  to   space 51200K, 0% used [0x00000000fc800000,0x00000000fc800000,0x00000000ffa00000)
 ParOldGen       total 193024K, used 119726K [0x00000000c0000000, 0x00000000cbc80000, 0x00000000eab00000)
  object space 193024K, 62% used [0x00000000c0000000,0x00000000c74ebab0,0x00000000cbc80000)
 Metaspace       used 73523K, capacity 75352K, committed 75480K, reserved 1114112K
  class space    used 9474K, capacity 9866K, committed 9984K, reserved 1048576K
Event: 73,880 GC heap after
Heap after GC invocations=26 (full 4):
 PSYoungGen      total 293888K, used 7468K [0x00000000eab00000, 0x00000000ffa00000, 0x0000000100000000)
  eden space 242688K, 0% used [0x00000000eab00000,0x00000000eab00000,0x00000000f9800000)
  from space 51200K, 14% used [0x00000000fc800000,0x00000000fcf4b0b0,0x00000000ffa00000)
  to   space 49152K, 0% used [0x00000000f9800000,0x00000000f9800000,0x00000000fc800000)
 ParOldGen       total 193024K, used 124166K [0x00000000c0000000, 0x00000000cbc80000, 0x00000000eab00000)
  object space 193024K, 64% used [0x00000000c0000000,0x00000000c7941a30,0x00000000cbc80000)
 Metaspace       used 73523K, capacity 75352K, committed 75480K, reserved 1114112K
  class space    used 9474K, capacity 9866K, committed 9984K, reserved 1048576K
}

